no change     /home/s478603/miniconda3/condabin/conda
no change     /home/s478603/miniconda3/bin/conda
no change     /home/s478603/miniconda3/bin/conda-env
no change     /home/s478603/miniconda3/bin/activate
no change     /home/s478603/miniconda3/bin/deactivate
no change     /home/s478603/miniconda3/etc/profile.d/conda.sh
no change     /home/s478603/miniconda3/etc/fish/conf.d/conda.fish
no change     /home/s478603/miniconda3/shell/condabin/Conda.psm1
no change     /home/s478603/miniconda3/shell/condabin/conda-hook.ps1
no change     /home/s478603/miniconda3/lib/python3.12/site-packages/xontrib/conda.xsh
no change     /home/s478603/miniconda3/etc/profile.d/conda.csh
no change     /home/s478603/.bashrc
No action taken.

CondaError: Run 'conda init' before 'conda activate'

Some weights of ViTModel were not initialized from the model checkpoint at google/vit-base-patch16-224 and are newly initialized: ['pooler.dense.bias', 'pooler.dense.weight']
You should probably TRAIN this model on a down-stream task to be able to use it for predictions and inference.
Some weights of ViTModel were not initialized from the model checkpoint at google/vit-base-patch16-224 and are newly initialized: ['pooler.dense.bias', 'pooler.dense.weight']
You should probably TRAIN this model on a down-stream task to be able to use it for predictions and inference.
tensor([[ 0.1278, -0.0662]], grad_fn=<AddmmBackward0>)
2592
2592
Epoch [1/80], Loss: 0.5467
Epoch [2/80], Loss: 0.4177
Epoch [3/80], Loss: 0.3275
Epoch [4/80], Loss: 0.3178
Epoch [5/80], Loss: 0.3112
Epoch [6/80], Loss: 0.3090
Epoch [7/80], Loss: 0.3044
Epoch [8/80], Loss: 0.3007
Epoch [9/80], Loss: 0.2985
Epoch [10/80], Loss: 0.2960
Epoch [11/80], Loss: 0.2946
Epoch [12/80], Loss: 0.2900
Epoch [13/80], Loss: 0.2901
Epoch [14/80], Loss: 0.2835
Epoch [15/80], Loss: 0.2845
Epoch [16/80], Loss: 0.2739
Epoch [17/80], Loss: 0.2682
Epoch [18/80], Loss: 0.2647
Epoch [19/80], Loss: 0.2529
Epoch [20/80], Loss: 0.2432
Epoch [21/80], Loss: 0.2369
Epoch [22/80], Loss: 0.2161
Epoch [23/80], Loss: 0.2022
Epoch [24/80], Loss: 0.1840
Epoch [25/80], Loss: 0.1688
Epoch [26/80], Loss: 0.1580
Epoch [27/80], Loss: 0.1430
Epoch [28/80], Loss: 0.1340
Epoch [29/80], Loss: 0.1221
Epoch [30/80], Loss: 0.1123
Epoch [31/80], Loss: 0.1079
Epoch [32/80], Loss: 0.0968
Epoch [33/80], Loss: 0.0921
Epoch [34/80], Loss: 0.0887
Epoch [35/80], Loss: 0.0805
Epoch [36/80], Loss: 0.0768
Epoch [37/80], Loss: 0.0727
Epoch [38/80], Loss: 0.0691
Epoch [39/80], Loss: 0.0663
Epoch [40/80], Loss: 0.0631
Epoch [41/80], Loss: 0.0592
Epoch [42/80], Loss: 0.0561
Epoch [43/80], Loss: 0.0548
Epoch [44/80], Loss: 0.0527
Epoch [45/80], Loss: 0.0509
Epoch [46/80], Loss: 0.0494
Epoch [47/80], Loss: 0.0462
Epoch [48/80], Loss: 0.0470
Epoch [49/80], Loss: 0.0442
Epoch [50/80], Loss: 0.0417
Epoch [51/80], Loss: 0.0430
Epoch [52/80], Loss: 0.0415
Epoch [53/80], Loss: 0.0406
Epoch [54/80], Loss: 0.0399
Epoch [55/80], Loss: 0.0384
Epoch [56/80], Loss: 0.0388
Epoch [57/80], Loss: 0.0371
Epoch [58/80], Loss: 0.0375
Epoch [59/80], Loss: 0.0372
Epoch [60/80], Loss: 0.0385
Epoch [61/80], Loss: 0.0375
Epoch [62/80], Loss: 0.0385
Epoch [63/80], Loss: 0.0378
Epoch [64/80], Loss: 0.0374
Epoch [65/80], Loss: 0.0374
Epoch [66/80], Loss: 0.0378
Epoch [67/80], Loss: 0.0373
Epoch [68/80], Loss: 0.0354
Epoch [69/80], Loss: 0.0405
Epoch [70/80], Loss: 0.0376
Epoch [71/80], Loss: 0.0364
Epoch [72/80], Loss: 0.0371
Epoch [73/80], Loss: 0.0350
Epoch [74/80], Loss: 0.0340
Epoch [75/80], Loss: 0.0392
Epoch [76/80], Loss: 0.0377
Epoch [77/80], Loss: 0.0368
Epoch [78/80], Loss: 0.0390
Epoch [79/80], Loss: 0.0376
Epoch [80/80], Loss: 0.0390
Training completed!
