no change     /home/s478603/miniconda3/condabin/conda
no change     /home/s478603/miniconda3/bin/conda
no change     /home/s478603/miniconda3/bin/conda-env
no change     /home/s478603/miniconda3/bin/activate
no change     /home/s478603/miniconda3/bin/deactivate
no change     /home/s478603/miniconda3/etc/profile.d/conda.sh
no change     /home/s478603/miniconda3/etc/fish/conf.d/conda.fish
no change     /home/s478603/miniconda3/shell/condabin/Conda.psm1
no change     /home/s478603/miniconda3/shell/condabin/conda-hook.ps1
no change     /home/s478603/miniconda3/lib/python3.12/site-packages/xontrib/conda.xsh
no change     /home/s478603/miniconda3/etc/profile.d/conda.csh
no change     /home/s478603/.bashrc
No action taken.

CondaError: Run 'conda init' before 'conda activate'

Some weights of ViTModel were not initialized from the model checkpoint at google/vit-base-patch16-224 and are newly initialized: ['pooler.dense.bias', 'pooler.dense.weight']
You should probably TRAIN this model on a down-stream task to be able to use it for predictions and inference.
Some weights of ViTModel were not initialized from the model checkpoint at google/vit-base-patch16-224 and are newly initialized: ['pooler.dense.bias', 'pooler.dense.weight']
You should probably TRAIN this model on a down-stream task to be able to use it for predictions and inference.
/home/s478603/star_tracker/dataset.py:30: UserWarning: To copy construct from a tensor, it is recommended to use sourceTensor.detach().clone() or sourceTensor.detach().clone().requires_grad_(True), rather than torch.tensor(sourceTensor).
  ra_rad  = torch.deg2rad(torch.tensor(ra_deg,  dtype=torch.float32))
/home/s478603/star_tracker/dataset.py:31: UserWarning: To copy construct from a tensor, it is recommended to use sourceTensor.detach().clone() or sourceTensor.detach().clone().requires_grad_(True), rather than torch.tensor(sourceTensor).
  dec_rad = torch.deg2rad(torch.tensor(dec_deg, dtype=torch.float32))
Epoch 1/80 — Train Loss: 1.0098 | Val Loss: 1.0001
Epoch 2/80 — Train Loss: 1.0071 | Val Loss: 1.0060
Epoch 3/80 — Train Loss: 0.9932 | Val Loss: 1.0062
Epoch 4/80 — Train Loss: 0.9755 | Val Loss: 0.9501
Epoch 5/80 — Train Loss: 0.9722 | Val Loss: 0.9443
Epoch 6/80 — Train Loss: 0.9644 | Val Loss: 0.9369
Epoch 7/80 — Train Loss: 0.9233 | Val Loss: 0.9626
Epoch 8/80 — Train Loss: 0.9106 | Val Loss: 0.9378
Epoch 9/80 — Train Loss: 0.8809 | Val Loss: 0.9090
Epoch 10/80 — Train Loss: 0.8770 | Val Loss: 0.9721
Epoch 11/80 — Train Loss: 0.8420 | Val Loss: 0.9755
Epoch 12/80 — Train Loss: 0.8460 | Val Loss: 0.8966
Epoch 13/80 — Train Loss: 0.8390 | Val Loss: 0.9210
Epoch 14/80 — Train Loss: 0.8413 | Val Loss: 0.9413
Epoch 15/80 — Train Loss: 0.8248 | Val Loss: 0.9114
Epoch 16/80 — Train Loss: 0.8110 | Val Loss: 0.8728
Epoch 17/80 — Train Loss: 0.7586 | Val Loss: 0.8531
Epoch 18/80 — Train Loss: 0.7506 | Val Loss: 0.8244
Epoch 19/80 — Train Loss: 0.7340 | Val Loss: 0.8390
Epoch 20/80 — Train Loss: 0.7089 | Val Loss: 0.8205
Epoch 21/80 — Train Loss: 0.6860 | Val Loss: 0.8764
Epoch 22/80 — Train Loss: 0.6902 | Val Loss: 0.8191
Epoch 23/80 — Train Loss: 0.6321 | Val Loss: 0.8286
Epoch 24/80 — Train Loss: 0.6361 | Val Loss: 0.7743
Epoch 25/80 — Train Loss: 0.6310 | Val Loss: 0.7944
Epoch 26/80 — Train Loss: 0.5964 | Val Loss: 0.8094
Epoch 27/80 — Train Loss: 0.5654 | Val Loss: 0.7826
Epoch 28/80 — Train Loss: 0.5606 | Val Loss: 0.8191
Epoch 29/80 — Train Loss: 0.5624 | Val Loss: 0.7250
Epoch 30/80 — Train Loss: 0.5275 | Val Loss: 0.7596
Epoch 31/80 — Train Loss: 0.5340 | Val Loss: 0.7621
Epoch 32/80 — Train Loss: 0.4901 | Val Loss: 0.7536
Epoch 33/80 — Train Loss: 0.4637 | Val Loss: 0.7099
Epoch 34/80 — Train Loss: 0.4311 | Val Loss: 0.7056
Epoch 35/80 — Train Loss: 0.4532 | Val Loss: 0.7425
Epoch 36/80 — Train Loss: 0.4556 | Val Loss: 0.7565
Epoch 37/80 — Train Loss: 0.4117 | Val Loss: 0.6494
Epoch 38/80 — Train Loss: 0.4042 | Val Loss: 0.7556
Epoch 39/80 — Train Loss: 0.4153 | Val Loss: 0.6675
Epoch 40/80 — Train Loss: 0.3838 | Val Loss: 0.5940
Epoch 41/80 — Train Loss: 0.3651 | Val Loss: 0.6638
Epoch 42/80 — Train Loss: 0.3654 | Val Loss: 0.6333
Epoch 43/80 — Train Loss: 0.3350 | Val Loss: 0.6238
Epoch 44/80 — Train Loss: 0.3342 | Val Loss: 0.6248
Epoch 45/80 — Train Loss: 0.3263 | Val Loss: 0.6469
Epoch 46/80 — Train Loss: 0.3166 | Val Loss: 0.6108
Epoch 47/80 — Train Loss: 0.2974 | Val Loss: 0.5820
Epoch 48/80 — Train Loss: 0.2971 | Val Loss: 0.5581
Epoch 49/80 — Train Loss: 0.2695 | Val Loss: 0.5812
Epoch 50/80 — Train Loss: 0.2729 | Val Loss: 0.5656
Epoch 51/80 — Train Loss: 0.2635 | Val Loss: 0.5761
Epoch 52/80 — Train Loss: 0.2719 | Val Loss: 0.5316
Epoch 53/80 — Train Loss: 0.2618 | Val Loss: 0.5417
Epoch 54/80 — Train Loss: 0.2499 | Val Loss: 0.5329
Epoch 55/80 — Train Loss: 0.2453 | Val Loss: 0.4945
Epoch 56/80 — Train Loss: 0.2661 | Val Loss: 0.5362
Epoch 57/80 — Train Loss: 0.2297 | Val Loss: 0.5401
Epoch 58/80 — Train Loss: 0.2296 | Val Loss: 0.4873
Epoch 59/80 — Train Loss: 0.2336 | Val Loss: 0.4983
Epoch 60/80 — Train Loss: 0.2136 | Val Loss: 0.5010
Epoch 61/80 — Train Loss: 0.2049 | Val Loss: 0.4995
Epoch 62/80 — Train Loss: 0.2072 | Val Loss: 0.4766
Epoch 63/80 — Train Loss: 0.1932 | Val Loss: 0.5032
Epoch 64/80 — Train Loss: 0.1912 | Val Loss: 0.4656
Epoch 65/80 — Train Loss: 0.2041 | Val Loss: 0.4498
Epoch 66/80 — Train Loss: 0.1847 | Val Loss: 0.4579
Epoch 67/80 — Train Loss: 0.1976 | Val Loss: 0.4664
Epoch 68/80 — Train Loss: 0.1890 | Val Loss: 0.4881
Epoch 69/80 — Train Loss: 0.1800 | Val Loss: 0.4659
Epoch 70/80 — Train Loss: 0.1786 | Val Loss: 0.4785
Epoch 71/80 — Train Loss: 0.1815 | Val Loss: 0.4633
Epoch 72/80 — Train Loss: 0.1743 | Val Loss: 0.4173
Epoch 73/80 — Train Loss: 0.1624 | Val Loss: 0.4191
Epoch 74/80 — Train Loss: 0.1609 | Val Loss: 0.4554
Epoch 75/80 — Train Loss: 0.1608 | Val Loss: 0.4208
Epoch 76/80 — Train Loss: 0.1699 | Val Loss: 0.4372
Epoch 77/80 — Train Loss: 0.1630 | Val Loss: 0.4217
Epoch 78/80 — Train Loss: 0.1526 | Val Loss: 0.3897
Epoch 79/80 — Train Loss: 0.1159 | Val Loss: 0.3542
Epoch 80/80 — Train Loss: 0.0822 | Val Loss: 0.3591
Training complete. Final model saved.
