no change     /home/s478603/miniconda3/condabin/conda
no change     /home/s478603/miniconda3/bin/conda
no change     /home/s478603/miniconda3/bin/conda-env
no change     /home/s478603/miniconda3/bin/activate
no change     /home/s478603/miniconda3/bin/deactivate
no change     /home/s478603/miniconda3/etc/profile.d/conda.sh
no change     /home/s478603/miniconda3/etc/fish/conf.d/conda.fish
no change     /home/s478603/miniconda3/shell/condabin/Conda.psm1
no change     /home/s478603/miniconda3/shell/condabin/conda-hook.ps1
no change     /home/s478603/miniconda3/lib/python3.12/site-packages/xontrib/conda.xsh
no change     /home/s478603/miniconda3/etc/profile.d/conda.csh
no change     /home/s478603/.bashrc
No action taken.

CondaError: Run 'conda init' before 'conda activate'

Some weights of ViTModel were not initialized from the model checkpoint at google/vit-base-patch16-224 and are newly initialized: ['pooler.dense.bias', 'pooler.dense.weight']
You should probably TRAIN this model on a down-stream task to be able to use it for predictions and inference.
Some weights of ViTModel were not initialized from the model checkpoint at google/vit-base-patch16-224 and are newly initialized: ['pooler.dense.bias', 'pooler.dense.weight']
You should probably TRAIN this model on a down-stream task to be able to use it for predictions and inference.
/home/s478603/star_tracker/dataset.py:30: UserWarning: To copy construct from a tensor, it is recommended to use sourceTensor.detach().clone() or sourceTensor.detach().clone().requires_grad_(True), rather than torch.tensor(sourceTensor).
  ra_rad  = torch.deg2rad(torch.tensor(ra_deg,  dtype=torch.float32))
/home/s478603/star_tracker/dataset.py:31: UserWarning: To copy construct from a tensor, it is recommended to use sourceTensor.detach().clone() or sourceTensor.detach().clone().requires_grad_(True), rather than torch.tensor(sourceTensor).
  dec_rad = torch.deg2rad(torch.tensor(dec_deg, dtype=torch.float32))
Epoch 1/140 — Train Loss: 1.2733 | Val Loss: 1.1347
Epoch 2/140 — Train Loss: 0.8068 | Val Loss: 0.6615
Epoch 3/140 — Train Loss: 0.6762 | Val Loss: 0.6575
Epoch 4/140 — Train Loss: 0.6667 | Val Loss: 0.6631
Epoch 5/140 — Train Loss: 0.6520 | Val Loss: 0.6732
Epoch 6/140 — Train Loss: 0.6442 | Val Loss: 0.6677
Epoch 7/140 — Train Loss: 0.6431 | Val Loss: 0.6772
Epoch 8/140 — Train Loss: 0.6291 | Val Loss: 0.6645
Epoch 9/140 — Train Loss: 0.6263 | Val Loss: 0.6745
Epoch 10/140 — Train Loss: 0.6091 | Val Loss: 0.6748
Epoch 11/140 — Train Loss: 0.6139 | Val Loss: 0.6847
Epoch 12/140 — Train Loss: 0.5772 | Val Loss: 0.6873
Epoch 13/140 — Train Loss: 0.5483 | Val Loss: 0.6846
Epoch 14/140 — Train Loss: 0.5148 | Val Loss: 0.6796
Epoch 15/140 — Train Loss: 0.4877 | Val Loss: 0.6826
Epoch 16/140 — Train Loss: 0.4711 | Val Loss: 0.6764
Epoch 17/140 — Train Loss: 0.4269 | Val Loss: 0.6783
Epoch 18/140 — Train Loss: 0.3984 | Val Loss: 0.6923
Epoch 19/140 — Train Loss: 0.3636 | Val Loss: 0.6881
Epoch 20/140 — Train Loss: 0.3270 | Val Loss: 0.7070
Epoch 21/140 — Train Loss: 0.2873 | Val Loss: 0.7079
Epoch 22/140 — Train Loss: 0.2461 | Val Loss: 0.6879
Epoch 23/140 — Train Loss: 0.2255 | Val Loss: 0.6934
Epoch 24/140 — Train Loss: 0.1874 | Val Loss: 0.7047
Epoch 25/140 — Train Loss: 0.1623 | Val Loss: 0.7245
Epoch 26/140 — Train Loss: 0.1465 | Val Loss: 0.7232
Epoch 27/140 — Train Loss: 0.1202 | Val Loss: 0.7587
Epoch 28/140 — Train Loss: 0.1047 | Val Loss: 0.7446
Epoch 29/140 — Train Loss: 0.0940 | Val Loss: 0.7398
Epoch 30/140 — Train Loss: 0.0833 | Val Loss: 0.7512
Epoch 31/140 — Train Loss: 0.0798 | Val Loss: 0.7266
Epoch 32/140 — Train Loss: 0.0743 | Val Loss: 0.7547
Epoch 33/140 — Train Loss: 0.0696 | Val Loss: 0.7524
Epoch 34/140 — Train Loss: 0.0604 | Val Loss: 0.7374
Epoch 35/140 — Train Loss: 0.0602 | Val Loss: 0.7503
Epoch 36/140 — Train Loss: 0.0625 | Val Loss: 0.7393
Epoch 37/140 — Train Loss: 0.0579 | Val Loss: 0.7422
Epoch 38/140 — Train Loss: 0.0545 | Val Loss: 0.7397
Epoch 39/140 — Train Loss: 0.0513 | Val Loss: 0.7361
Epoch 40/140 — Train Loss: 0.0484 | Val Loss: 0.7378
Epoch 41/140 — Train Loss: 0.0502 | Val Loss: 0.7260
Epoch 42/140 — Train Loss: 0.0457 | Val Loss: 0.7285
Epoch 43/140 — Train Loss: 0.0438 | Val Loss: 0.7371
Epoch 44/140 — Train Loss: 0.0466 | Val Loss: 0.7354
Epoch 45/140 — Train Loss: 0.0450 | Val Loss: 0.7433
Epoch 46/140 — Train Loss: 0.0429 | Val Loss: 0.7253
Epoch 47/140 — Train Loss: 0.0426 | Val Loss: 0.7189
Epoch 48/140 — Train Loss: 0.0415 | Val Loss: 0.7544
Epoch 49/140 — Train Loss: 0.0405 | Val Loss: 0.7283
Epoch 50/140 — Train Loss: 0.0373 | Val Loss: 0.7360
Epoch 51/140 — Train Loss: 0.0322 | Val Loss: 0.7231
Epoch 52/140 — Train Loss: 0.0322 | Val Loss: 0.7260
Epoch 53/140 — Train Loss: 0.0330 | Val Loss: 0.7220
Epoch 54/140 — Train Loss: 0.0322 | Val Loss: 0.7287
Epoch 55/140 — Train Loss: 0.0307 | Val Loss: 0.7312
Epoch 56/140 — Train Loss: 0.0332 | Val Loss: 0.7278
Epoch 57/140 — Train Loss: 0.0310 | Val Loss: 0.7245
Epoch 58/140 — Train Loss: 0.0323 | Val Loss: 0.7195
Epoch 59/140 — Train Loss: 0.0390 | Val Loss: 0.7268
Epoch 60/140 — Train Loss: 0.0414 | Val Loss: 0.7263
Epoch 61/140 — Train Loss: 0.0437 | Val Loss: 0.7239
Epoch 62/140 — Train Loss: 0.0371 | Val Loss: 0.7284
Epoch 63/140 — Train Loss: 0.0340 | Val Loss: 0.7412
Epoch 64/140 — Train Loss: 0.0324 | Val Loss: 0.7189
Epoch 65/140 — Train Loss: 0.0417 | Val Loss: 0.7198
Epoch 66/140 — Train Loss: 0.0337 | Val Loss: 0.7262
Epoch 67/140 — Train Loss: 0.0298 | Val Loss: 0.7246
Epoch 68/140 — Train Loss: 0.0256 | Val Loss: 0.7224
Epoch 69/140 — Train Loss: 0.0223 | Val Loss: 0.7111
Epoch 70/140 — Train Loss: 0.0192 | Val Loss: 0.7182
Epoch 71/140 — Train Loss: 0.0191 | Val Loss: 0.7244
Epoch 72/140 — Train Loss: 0.0217 | Val Loss: 0.7218
Epoch 73/140 — Train Loss: 0.0263 | Val Loss: 0.7249
Epoch 74/140 — Train Loss: 0.0327 | Val Loss: 0.7338
Epoch 75/140 — Train Loss: 0.0492 | Val Loss: 0.7167
Epoch 76/140 — Train Loss: 0.0530 | Val Loss: 0.7563
Epoch 77/140 — Train Loss: 0.0430 | Val Loss: 0.7162
Epoch 78/140 — Train Loss: 0.0387 | Val Loss: 0.7236
Epoch 79/140 — Train Loss: 0.0284 | Val Loss: 0.7151
Epoch 80/140 — Train Loss: 0.0205 | Val Loss: 0.7029
Epoch 81/140 — Train Loss: 0.0174 | Val Loss: 0.7113
Epoch 82/140 — Train Loss: 0.0160 | Val Loss: 0.7049
Epoch 83/140 — Train Loss: 0.0150 | Val Loss: 0.7159
Epoch 84/140 — Train Loss: 0.0161 | Val Loss: 0.7182
Epoch 85/140 — Train Loss: 0.0181 | Val Loss: 0.7194
Epoch 86/140 — Train Loss: 0.0197 | Val Loss: 0.7104
Epoch 87/140 — Train Loss: 0.0210 | Val Loss: 0.7216
Epoch 88/140 — Train Loss: 0.0212 | Val Loss: 0.7163
Epoch 89/140 — Train Loss: 0.0193 | Val Loss: 0.7215
Epoch 90/140 — Train Loss: 0.0188 | Val Loss: 0.7113
Epoch 91/140 — Train Loss: 0.0202 | Val Loss: 0.7046
Epoch 92/140 — Train Loss: 0.0225 | Val Loss: 0.7077
Epoch 93/140 — Train Loss: 0.0237 | Val Loss: 0.7229
Epoch 94/140 — Train Loss: 0.0218 | Val Loss: 0.7125
Epoch 95/140 — Train Loss: 0.0169 | Val Loss: 0.7010
Epoch 96/140 — Train Loss: 0.0143 | Val Loss: 0.7152
Epoch 97/140 — Train Loss: 0.0137 | Val Loss: 0.7084
Epoch 98/140 — Train Loss: 0.0140 | Val Loss: 0.7238
Epoch 99/140 — Train Loss: 0.0150 | Val Loss: 0.7112
Epoch 100/140 — Train Loss: 0.0160 | Val Loss: 0.7045
Epoch 101/140 — Train Loss: 0.0161 | Val Loss: 0.6976
Epoch 102/140 — Train Loss: 0.0159 | Val Loss: 0.7138
Epoch 103/140 — Train Loss: 0.0151 | Val Loss: 0.7133
Epoch 104/140 — Train Loss: 0.0135 | Val Loss: 0.7148
Epoch 105/140 — Train Loss: 0.0129 | Val Loss: 0.7090
Epoch 106/140 — Train Loss: 0.0128 | Val Loss: 0.7018
Epoch 107/140 — Train Loss: 0.0127 | Val Loss: 0.7148
Epoch 108/140 — Train Loss: 0.0130 | Val Loss: 0.7009
Epoch 109/140 — Train Loss: 0.0132 | Val Loss: 0.7107
Epoch 110/140 — Train Loss: 0.0134 | Val Loss: 0.7092
Epoch 111/140 — Train Loss: 0.0126 | Val Loss: 0.7098
Epoch 112/140 — Train Loss: 0.0116 | Val Loss: 0.7036
Epoch 113/140 — Train Loss: 0.0108 | Val Loss: 0.7088
Epoch 114/140 — Train Loss: 0.0113 | Val Loss: 0.7102
Epoch 115/140 — Train Loss: 0.0113 | Val Loss: 0.7059
Epoch 116/140 — Train Loss: 0.0110 | Val Loss: 0.7071
Epoch 117/140 — Train Loss: 0.0102 | Val Loss: 0.7070
Epoch 118/140 — Train Loss: 0.0098 | Val Loss: 0.7077
Epoch 119/140 — Train Loss: 0.0093 | Val Loss: 0.7104
Epoch 120/140 — Train Loss: 0.0091 | Val Loss: 0.7095
Epoch 121/140 — Train Loss: 0.0088 | Val Loss: 0.7079
Epoch 122/140 — Train Loss: 0.0084 | Val Loss: 0.7033
Epoch 123/140 — Train Loss: 0.0082 | Val Loss: 0.7059
Epoch 124/140 — Train Loss: 0.0080 | Val Loss: 0.7052
Epoch 125/140 — Train Loss: 0.0078 | Val Loss: 0.7043
Epoch 126/140 — Train Loss: 0.0077 | Val Loss: 0.7039
Epoch 127/140 — Train Loss: 0.0076 | Val Loss: 0.7073
Epoch 128/140 — Train Loss: 0.0076 | Val Loss: 0.7054
Epoch 129/140 — Train Loss: 0.0075 | Val Loss: 0.7066
Epoch 130/140 — Train Loss: 0.0074 | Val Loss: 0.7054
Epoch 131/140 — Train Loss: 0.0075 | Val Loss: 0.7059
Epoch 132/140 — Train Loss: 0.0074 | Val Loss: 0.7059
Epoch 133/140 — Train Loss: 0.0074 | Val Loss: 0.7066
Epoch 134/140 — Train Loss: 0.0074 | Val Loss: 0.7063
Epoch 135/140 — Train Loss: 0.0074 | Val Loss: 0.7068
Epoch 136/140 — Train Loss: 0.0074 | Val Loss: 0.7065
Epoch 137/140 — Train Loss: 0.0073 | Val Loss: 0.7064
Epoch 138/140 — Train Loss: 0.0073 | Val Loss: 0.7066
Epoch 139/140 — Train Loss: 0.0075 | Val Loss: 0.7066
Epoch 140/140 — Train Loss: 0.0073 | Val Loss: 0.7066
Training complete. Final model saved.
